0 info it worked if it ends with ok
1 verbose cli [ 'C:\\Program Files\\nodejs\\node.exe',
1 verbose cli   'C:\\Users\\ASUS\\AppData\\Roaming\\npm\\node_modules\\cnpm\\node_modules\\npm\\bin\\npm-cli.js',
1 verbose cli   '--userconfig=C:\\Users\\ASUS\\.cnpmrc',
1 verbose cli   '--disturl=https://npm.taobao.org/mirrors/node',
1 verbose cli   '--registry=https://registry.npm.taobao.org',
1 verbose cli   'run',
1 verbose cli   'mock' ]
2 info using npm@3.10.10
3 info using node@v8.0.0
4 verbose run-script [ 'premock', 'mock', 'postmock' ]
5 info lifecycle react-dianping-webpack@1.0.0~premock: react-dianping-webpack@1.0.0
6 silly lifecycle react-dianping-webpack@1.0.0~premock: no script for premock, continuing
7 info lifecycle react-dianping-webpack@1.0.0~mock: react-dianping-webpack@1.0.0
8 verbose lifecycle react-dianping-webpack@1.0.0~mock: unsafe-perm in lifecycle true
9 verbose lifecycle react-dianping-webpack@1.0.0~mock: PATH: C:\Users\ASUS\AppData\Roaming\npm\node_modules\cnpm\node_modules\npm\bin\node-gyp-bin;C:\Users\ASUS\Desktop\reactForQYPASS\node_modules\.bin;C:\ProgramData\Oracle\Java\javapath;C:\Program Files\Java\jdk1.7.0_75\bin;C:\Windows\system32;C:\Windows;C:\Windows\System32\Wbem;C:\Windows\System32\WindowsPowerShell\v1.0\;C:\Program Files\TortoiseSVN\bin;C:\Program Files\SlikSvn\bin;C:\Program Files\nodejs\;D:\Git\cmd;C:\Users\ASUS\AppData\Local\Microsoft\WindowsApps;C:\Users\ASUS\AppData\Roaming\npm
10 verbose lifecycle react-dianping-webpack@1.0.0~mock: CWD: C:\Users\ASUS\Desktop\reactForQYPASS
11 silly lifecycle react-dianping-webpack@1.0.0~mock: Args: [ '/d /s /c', 'node --harmony ./mock/server.js' ]
12 silly lifecycle react-dianping-webpack@1.0.0~mock: Returned: code: 1  signal: null
13 info lifecycle react-dianping-webpack@1.0.0~mock: Failed to exec mock script
14 verbose stack Error: react-dianping-webpack@1.0.0 mock: `node --harmony ./mock/server.js`
14 verbose stack Exit status 1
14 verbose stack     at EventEmitter.<anonymous> (C:\Users\ASUS\AppData\Roaming\npm\node_modules\cnpm\node_modules\npm\lib\utils\lifecycle.js:255:16)
14 verbose stack     at emitTwo (events.js:125:13)
14 verbose stack     at EventEmitter.emit (events.js:213:7)
14 verbose stack     at ChildProcess.<anonymous> (C:\Users\ASUS\AppData\Roaming\npm\node_modules\cnpm\node_modules\npm\lib\utils\spawn.js:40:14)
14 verbose stack     at emitTwo (events.js:125:13)
14 verbose stack     at ChildProcess.emit (events.js:213:7)
14 verbose stack     at maybeClose (internal/child_process.js:887:16)
14 verbose stack     at Process.ChildProcess._handle.onexit (internal/child_process.js:208:5)
15 verbose pkgid react-dianping-webpack@1.0.0
16 verbose cwd C:\Users\ASUS\Desktop\reactForQYPASS
17 error Windows_NT 10.0.15063
18 error argv "C:\\Program Files\\nodejs\\node.exe" "C:\\Users\\ASUS\\AppData\\Roaming\\npm\\node_modules\\cnpm\\node_modules\\npm\\bin\\npm-cli.js" "--userconfig=C:\\Users\\ASUS\\.cnpmrc" "--disturl=https://npm.taobao.org/mirrors/node" "--registry=https://registry.npm.taobao.org" "run" "mock"
19 error node v8.0.0
20 error npm  v3.10.10
21 error code ELIFECYCLE
22 error react-dianping-webpack@1.0.0 mock: `node --harmony ./mock/server.js`
22 error Exit status 1
23 error Failed at the react-dianping-webpack@1.0.0 mock script 'node --harmony ./mock/server.js'.
23 error Make sure you have the latest version of node.js and npm installed.
23 error If you do, this is most likely a problem with the react-dianping-webpack package,
23 error not with npm itself.
23 error Tell the author that this fails on your system:
23 error     node --harmony ./mock/server.js
23 error You can get information on how to open an issue for this project with:
23 error     npm bugs react-dianping-webpack
23 error Or if that isn't available, you can get their info via:
23 error     npm owner ls react-dianping-webpack
23 error There is likely additional logging output above.
24 verbose exit [ 1, true ]
